# JRE version: Java(TM) SE Runtime Environment (8.0_71-b15) (build 1.8.0_71-b15)
# Java VM: Java HotSpot(TM) Client VM (25.71-b15 mixed mode windows-x86 )
Heap:
 def new generation   total 31552K, used 10402K [0x04e00000, 0x07030000, 0x0a350000)
  eden space 28096K,  36% used [0x04e00000, 0x0580a5e8, 0x06970000)
  from space 3456K,   3% used [0x06970000, 0x0698e238, 0x06cd0000)
  to   space 3456K,   0% used [0x06cd0000, 0x06cd0000, 0x07030000)
 tenured generation   total 69896K, used 62833K [0x0a350000, 0x0e792000, 0x14e00000)
   the space 69896K,  89% used [0x0a350000, 0x0e0ac578, 0x0e0ac600, 0x0e792000)
 Metaspace       used 33128K, capacity 34461K, committed 34560K, reserved 35200K
GC Heap History (10 events):
Event: 46782.773 GC heap before
{Heap before GC invocations=829 (full 24):
 def new generation   total 31552K, used 28746K [0x04e00000, 0x07030000, 0x0a350000)
  eden space 28096K, 100% used [0x04e00000, 0x06970000, 0x06970000)
  from space 3456K,  18% used [0x06cd0000, 0x06d72830, 0x07030000)
  to   space 3456K,   0% used [0x06970000, 0x06970000, 0x06cd0000)
 tenured generation   total 69896K, used 62237K [0x0a350000, 0x0e792000, 0x14e00000)
   the space 69896K,  89% used [0x0a350000, 0x0e0174f0, 0x0e017600, 0x0e792000)
 Metaspace       used 33128K, capacity 34461K, committed 34560K, reserved 35200K
Event: 46782.777 GC heap after
Heap after GC invocations=830 (full 24):
 def new generation   total 31552K, used 530K [0x04e00000, 0x07030000, 0x0a350000)
  eden space 28096K,   0% used [0x04e00000, 0x04e00000, 0x06970000)
  from space 3456K,  15% used [0x06970000, 0x069f4848, 0x06cd0000)
  to   space 3456K,   0% used [0x06cd0000, 0x06cd0000, 0x07030000)
 tenured generation   total 69896K, used 62303K [0x0a350000, 0x0e792000, 0x14e00000)
   the space 69896K,  89% used [0x0a350000, 0x0e027dd0, 0x0e027e00, 0x0e792000)
 Metaspace       used 33128K, capacity 34461K, committed 34560K, reserved 35200K
}
Event: 46872.799 GC heap before
{Heap before GC invocations=830 (full 24):
 def new generation   total 31552K, used 28626K [0x04e00000, 0x07030000, 0x0a350000)
  eden space 28096K, 100% used [0x04e00000, 0x06970000, 0x06970000)
  from space 3456K,  15% used [0x06970000, 0x069f4848, 0x06cd0000)
  to   space 3456K,   0% used [0x06cd0000, 0x06cd0000, 0x07030000)
 tenured generation   total 69896K, used 62303K [0x0a350000, 0x0e792000, 0x14e00000)
   the space 69896K,  89% used [0x0a350000, 0x0e027dd0, 0x0e027e00, 0x0e792000)
 Metaspace       used 33128K, capacity 34461K, committed 34560K, reserved 35200K
Event: 46872.803 GC heap after
Heap after GC invocations=831 (full 24):
 def new generation   total 31552K, used 253K [0x04e00000, 0x07030000, 0x0a350000)
  eden space 28096K,   0% used [0x04e00000, 0x04e00000, 0x06970000)
  from space 3456K,   7% used [0x06cd0000, 0x06d0f418, 0x07030000)
  to   space 3456K,   0% used [0x06970000, 0x06970000, 0x06cd0000)
 tenured generation   total 69896K, used 62634K [0x0a350000, 0x0e792000, 0x14e00000)
   the space 69896K,  89% used [0x0a350000, 0x0e07a9c8, 0x0e07aa00, 0x0e792000)
 Metaspace       used 33128K, capacity 34461K, committed 34560K, reserved 35200K
}
Event: 46962.831 GC heap before
{Heap before GC invocations=831 (full 24):
 def new generation   total 31552K, used 28349K [0x04e00000, 0x07030000, 0x0a350000)
  eden space 28096K, 100% used [0x04e00000, 0x06970000, 0x06970000)
  from space 3456K,   7% used [0x06cd0000, 0x06d0f418, 0x07030000)
  to   space 3456K,   0% used [0x06970000, 0x06970000, 0x06cd0000)
 tenured generation   total 69896K, used 62634K [0x0a350000, 0x0e792000, 0x14e00000)
   the space 69896K,  89% used [0x0a350000, 0x0e07a9c8, 0x0e07aa00, 0x0e792000)
 Metaspace       used 33128K, capacity 34461K, committed 34560K, reserved 35200K
Event: 46962.834 GC heap after
Heap after GC invocations=832 (full 24):
 def new generation   total 31552K, used 0K [0x04e00000, 0x07030000, 0x0a350000)
  eden space 28096K,   0% used [0x04e00000, 0x04e00000, 0x06970000)
  from space 3456K,   0% used [0x06970000, 0x06970178, 0x06cd0000)
  to   space 3456K,   0% used [0x06cd0000, 0x06cd0000, 0x07030000)
 tenured generation   total 69896K, used 62833K [0x0a350000, 0x0e792000, 0x14e00000)
   the space 69896K,  89% used [0x0a350000, 0x0e0ac578, 0x0e0ac600, 0x0e792000)
 Metaspace       used 33128K, capacity 34461K, committed 34560K, reserved 35200K
}
Event: 47052.859 GC heap before
{Heap before GC invocations=832 (full 24):
 def new generation   total 31552K, used 28096K [0x04e00000, 0x07030000, 0x0a350000)
  eden space 28096K, 100% used [0x04e00000, 0x06970000, 0x06970000)
  from space 3456K,   0% used [0x06970000, 0x06970178, 0x06cd0000)
  to   space 3456K,   0% used [0x06cd0000, 0x06cd0000, 0x07030000)
 tenured generation   total 69896K, used 62833K [0x0a350000, 0x0e792000, 0x14e00000)
   the space 69896K,  89% used [0x0a350000, 0x0e0ac578, 0x0e0ac600, 0x0e792000)
 Metaspace       used 33128K, capacity 34461K, committed 34560K, reserved 35200K
Event: 47052.862 GC heap after
Heap after GC invocations=833 (full 24):
 def new generation   total 31552K, used 54K [0x04e00000, 0x07030000, 0x0a350000)
  eden space 28096K,   0% used [0x04e00000, 0x04e00000, 0x06970000)
  from space 3456K,   1% used [0x06cd0000, 0x06cdd868, 0x07030000)
  to   space 3456K,   0% used [0x06970000, 0x06970000, 0x06cd0000)
 tenured generation   total 69896K, used 62833K [0x0a350000, 0x0e792000, 0x14e00000)
   the space 69896K,  89% used [0x0a350000, 0x0e0ac578, 0x0e0ac600, 0x0e792000)
 Metaspace       used 33128K, capacity 34461K, committed 34560K, reserved 35200K
}
Event: 47142.516 GC heap before
{Heap before GC invocations=833 (full 24):
 def new generation   total 31552K, used 28150K [0x04e00000, 0x07030000, 0x0a350000)
  eden space 28096K, 100% used [0x04e00000, 0x06970000, 0x06970000)
  from space 3456K,   1% used [0x06cd0000, 0x06cdd868, 0x07030000)
  to   space 3456K,   0% used [0x06970000, 0x06970000, 0x06cd0000)
 tenured generation   total 69896K, used 62833K [0x0a350000, 0x0e792000, 0x14e00000)
   the space 69896K,  89% used [0x0a350000, 0x0e0ac578, 0x0e0ac600, 0x0e792000)
 Metaspace       used 33128K, capacity 34461K, committed 34560K, reserved 35200K
Event: 47142.519 GC heap after
Heap after GC invocations=834 (full 24):
 def new generation   total 31552K, used 120K [0x04e00000, 0x07030000, 0x0a350000)
  eden space 28096K,   0% used [0x04e00000, 0x04e00000, 0x06970000)
  from space 3456K,   3% used [0x06970000, 0x0698e238, 0x06cd0000)
  to   space 3456K,   0% used [0x06cd0000, 0x06cd0000, 0x07030000)
 tenured generation   total 69896K, used 62833K [0x0a350000, 0x0e792000, 0x14e00000)
   the space 69896K,  89% used [0x0a350000, 0x0e0ac578, 0x0e0ac600, 0x0e792000)
 Metaspace       used 33128K, capacity 34461K, committed 34560K, reserved 35200K
}

